# JRE version: Java(TM) SE Runtime Environment (7.0_79-b15) (build 1.7.0_79-b15)
# Java VM: Java HotSpot(TM) 64-Bit Server VM (24.79-b02 mixed mode windows-amd64 compressed oops)
Heap
 def new generation   total 8000K, used 1275K [0x00000000e0e00000, 0x00000000e16a0000, 0x00000000e98a0000)
  eden space 7168K,   6% used [0x00000000e0e00000, 0x00000000e0e6ef28, 0x00000000e1500000)
  from space 832K, 100% used [0x00000000e15d0000, 0x00000000e16a0000, 0x00000000e16a0000)
  to   space 832K,   0% used [0x00000000e1500000, 0x00000000e1500000, 0x00000000e15d0000)
 tenured generation   total 17728K, used 8327K [0x00000000e98a0000, 0x00000000ea9f0000, 0x00000000fae00000)
   the space 17728K,  46% used [0x00000000e98a0000, 0x00000000ea0c1e80, 0x00000000ea0c2000, 0x00000000ea9f0000)
 compacting perm gen  total 21248K, used 14743K [0x00000000fae00000, 0x00000000fc2c0000, 0x0000000100000000)
   the space 21248K,  69% used [0x00000000fae00000, 0x00000000fbc65fd8, 0x00000000fbc66000, 0x00000000fc2c0000)
GC Heap History (10 events):
Event: 100.110 GC heap before
{Heap before GC invocations=12 (full 0):
 def new generation   total 8000K, used 8000K [0x00000000e0e00000, 0x00000000e16a0000, 0x00000000e98a0000)
  eden space 7168K, 100% used [0x00000000e0e00000, 0x00000000e1500000, 0x00000000e1500000)
  from space 832K, 100% used [0x00000000e1500000, 0x00000000e15d0000, 0x00000000e15d0000)
  to   space 832K,   0% used [0x00000000e15d0000, 0x00000000e15d0000, 0x00000000e16a0000)
 tenured generation   total 17728K, used 7531K [0x00000000e98a0000, 0x00000000ea9f0000, 0x00000000fae00000)
   the space 17728K,  42% used [0x00000000e98a0000, 0x00000000e9ffad48, 0x00000000e9ffae00, 0x00000000ea9f0000)
 compacting perm gen  total 21248K, used 14599K [0x00000000fae00000, 0x00000000fc2c0000, 0x0000000100000000)
   the space 21248K,  68% used [0x00000000fae00000, 0x00000000fbc41e70, 0x00000000fbc42000, 0x00000000fc2c0000)
No shared spaces configured.
Event: 100.116 GC heap after
Heap after GC invocations=13 (full 0):
 def new generation   total 8000K, used 556K [0x00000000e0e00000, 0x00000000e16a0000, 0x00000000e98a0000)
  eden space 7168K,   0% used [0x00000000e0e00000, 0x00000000e0e00000, 0x00000000e1500000)
  from space 832K,  66% used [0x00000000e15d0000, 0x00000000e165b2e0, 0x00000000e16a0000)
  to   space 832K,   0% used [0x00000000e1500000, 0x00000000e1500000, 0x00000000e15d0000)
 tenured generation   total 17728K, used 7534K [0x00000000e98a0000, 0x00000000ea9f0000, 0x00000000fae00000)
   the space 17728K,  42% used [0x00000000e98a0000, 0x00000000e9ffb920, 0x00000000e9ffba00, 0x00000000ea9f0000)
 compacting perm gen  total 21248K, used 14599K [0x00000000fae00000, 0x00000000fc2c0000, 0x0000000100000000)
   the space 21248K,  68% used [0x00000000fae00000, 0x00000000fbc41e70, 0x00000000fbc42000, 0x00000000fc2c0000)
No shared spaces configured.
}
Event: 100.659 GC heap before
{Heap before GC invocations=13 (full 0):
 def new generation   total 8000K, used 7723K [0x00000000e0e00000, 0x00000000e16a0000, 0x00000000e98a0000)
  eden space 7168K,  99% used [0x00000000e0e00000, 0x00000000e14ffae0, 0x00000000e1500000)
  from space 832K,  66% used [0x00000000e15d0000, 0x00000000e165b2e0, 0x00000000e16a0000)
  to   space 832K,   0% used [0x00000000e1500000, 0x00000000e1500000, 0x00000000e15d0000)
 tenured generation   total 17728K, used 7534K [0x00000000e98a0000, 0x00000000ea9f0000, 0x00000000fae00000)
   the space 17728K,  42% used [0x00000000e98a0000, 0x00000000e9ffb920, 0x00000000e9ffba00, 0x00000000ea9f0000)
 compacting perm gen  total 21248K, used 14600K [0x00000000fae00000, 0x00000000fc2c0000, 0x0000000100000000)
   the space 21248K,  68% used [0x00000000fae00000, 0x00000000fbc42280, 0x00000000fbc42400, 0x00000000fc2c0000)
No shared spaces configured.
Event: 100.666 GC heap after
Heap after GC invocations=14 (full 0):
 def new generation   total 8000K, used 831K [0x00000000e0e00000, 0x00000000e16a0000, 0x00000000e98a0000)
  eden space 7168K,   0% used [0x00000000e0e00000, 0x00000000e0e00000, 0x00000000e1500000)
  from space 832K,  99% used [0x00000000e1500000, 0x00000000e15cfff8, 0x00000000e15d0000)
  to   space 832K,   0% used [0x00000000e15d0000, 0x00000000e15d0000, 0x00000000e16a0000)
 tenured generation   total 17728K, used 7728K [0x00000000e98a0000, 0x00000000ea9f0000, 0x00000000fae00000)
   the space 17728K,  43% used [0x00000000e98a0000, 0x00000000ea02c208, 0x00000000ea02c400, 0x00000000ea9f0000)
 compacting perm gen  total 21248K, used 14600K [0x00000000fae00000, 0x00000000fc2c0000, 0x0000000100000000)
   the space 21248K,  68% used [0x00000000fae00000, 0x00000000fbc42280, 0x00000000fbc42400, 0x00000000fc2c0000)
No shared spaces configured.
}
Event: 109.849 GC heap before
{Heap before GC invocations=14 (full 0):
 def new generation   total 8000K, used 7999K [0x00000000e0e00000, 0x00000000e16a0000, 0x00000000e98a0000)
  eden space 7168K, 100% used [0x00000000e0e00000, 0x00000000e1500000, 0x00000000e1500000)
  from space 832K,  99% used [0x00000000e1500000, 0x00000000e15cfff8, 0x00000000e15d0000)
  to   space 832K,   0% used [0x00000000e15d0000, 0x00000000e15d0000, 0x00000000e16a0000)
 tenured generation   total 17728K, used 7728K [0x00000000e98a0000, 0x00000000ea9f0000, 0x00000000fae00000)
   the space 17728K,  43% used [0x00000000e98a0000, 0x00000000ea02c208, 0x00000000ea02c400, 0x00000000ea9f0000)
 compacting perm gen  total 21248K, used 14695K [0x00000000fae00000, 0x00000000fc2c0000, 0x0000000100000000)
   the space 21248K,  69% used [0x00000000fae00000, 0x00000000fbc59fb8, 0x00000000fbc5a000, 0x00000000fc2c0000)
No shared spaces configured.
Event: 109.856 GC heap after
Heap after GC invocations=15 (full 0):
 def new generation   total 8000K, used 642K [0x00000000e0e00000, 0x00000000e16a0000, 0x00000000e98a0000)
  eden space 7168K,   0% used [0x00000000e0e00000, 0x00000000e0e00000, 0x00000000e1500000)
  from space 832K,  77% used [0x00000000e15d0000, 0x00000000e16708d0, 0x00000000e16a0000)
  to   space 832K,   0% used [0x00000000e1500000, 0x00000000e1500000, 0x00000000e15d0000)
 tenured generation   total 17728K, used 7737K [0x00000000e98a0000, 0x00000000ea9f0000, 0x00000000fae00000)
   the space 17728K,  43% used [0x00000000e98a0000, 0x00000000ea02e540, 0x00000000ea02e600, 0x00000000ea9f0000)
 compacting perm gen  total 21248K, used 14695K [0x00000000fae00000, 0x00000000fc2c0000, 0x0000000100000000)
   the space 21248K,  69% used [0x00000000fae00000, 0x00000000fbc59fb8, 0x00000000fbc5a000, 0x00000000fc2c0000)
No shared spaces configured.
}
Event: 110.486 GC heap before
{Heap before GC invocations=15 (full 0):
 def new generation   total 8000K, used 7810K [0x00000000e0e00000, 0x00000000e16a0000, 0x00000000e98a0000)
  eden space 7168K, 100% used [0x00000000e0e00000, 0x00000000e1500000, 0x00000000e1500000)
  from space 832K,  77% used [0x00000000e15d0000, 0x00000000e16708d0, 0x00000000e16a0000)
  to   space 832K,   0% used [0x00000000e1500000, 0x00000000e1500000, 0x00000000e15d0000)
 tenured generation   total 17728K, used 7737K [0x00000000e98a0000, 0x00000000ea9f0000, 0x00000000fae00000)
   the space 17728K,  43% used [0x00000000e98a0000, 0x00000000ea02e540, 0x00000000ea02e600, 0x00000000ea9f0000)
 compacting perm gen  total 21248K, used 14703K [0x00000000fae00000, 0x00000000fc2c0000, 0x0000000100000000)
   the space 21248K,  69% used [0x00000000fae00000, 0x00000000fbc5bcd8, 0x00000000fbc5be00, 0x00000000fc2c0000)
No shared spaces configured.
Event: 110.494 GC heap after
Heap after GC invocations=16 (full 0):
 def new generation   total 8000K, used 819K [0x00000000e0e00000, 0x00000000e16a0000, 0x00000000e98a0000)
  eden space 7168K,   0% used [0x00000000e0e00000, 0x00000000e0e00000, 0x00000000e1500000)
  from space 832K,  98% used [0x00000000e1500000, 0x00000000e15cccd8, 0x00000000e15d0000)
  to   space 832K,   0% used [0x00000000e15d0000, 0x00000000e15d0000, 0x00000000e16a0000)
 tenured generation   total 17728K, used 7839K [0x00000000e98a0000, 0x00000000ea9f0000, 0x00000000fae00000)
   the space 17728K,  44% used [0x00000000e98a0000, 0x00000000ea047d50, 0x00000000ea047e00, 0x00000000ea9f0000)
 compacting perm gen  total 21248K, used 14703K [0x00000000fae00000, 0x00000000fc2c0000, 0x0000000100000000)
   the space 21248K,  69% used [0x00000000fae00000, 0x00000000fbc5bcd8, 0x00000000fbc5be00, 0x00000000fc2c0000)
No shared spaces configured.
}
Event: 119.242 GC heap before
{Heap before GC invocations=16 (full 0):
 def new generation   total 8000K, used 7974K [0x00000000e0e00000, 0x00000000e16a0000, 0x00000000e98a0000)
  eden space 7168K,  99% used [0x00000000e0e00000, 0x00000000e14fcc00, 0x00000000e1500000)
  from space 832K,  98% used [0x00000000e1500000, 0x00000000e15cccd8, 0x00000000e15d0000)
  to   space 832K,   0% used [0x00000000e15d0000, 0x00000000e15d0000, 0x00000000e16a0000)
 tenured generation   total 17728K, used 7839K [0x00000000e98a0000, 0x00000000ea9f0000, 0x00000000fae00000)
   the space 17728K,  44% used [0x00000000e98a0000, 0x00000000ea047d50, 0x00000000ea047e00, 0x00000000ea9f0000)
 compacting perm gen  total 21248K, used 14743K [0x00000000fae00000, 0x00000000fc2c0000, 0x0000000100000000)
   the space 21248K,  69% used [0x00000000fae00000, 0x00000000fbc65fd8, 0x00000000fbc66000, 0x00000000fc2c0000)
No shared spaces configured.
Event: 119.255 GC heap after
Heap after GC invocations=17 (full 0):
 def new generation   total 8000K, used 832K [0x00000000e0e00000, 0x00000000e16a0000, 0x00000000e98a0000)
  eden space 7168K,   0% used [0x00000000e0e00000, 0x00000000e0e00000, 0x00000000e1500000)
  from space 832K, 100% used [0x00000000e15d0000, 0x00000000e16a0000, 0x00000000e16a0000)
  to   space 832K,   0% used [0x00000000e1500000, 0x00000000e1500000, 0x00000000e15d0000)
 tenured generation   total 17728K, used 8327K [0x00000000e98a0000, 0x00000000ea9f0000, 0x00000000fae00000)
   the space 17728K,  46% used [0x00000000e98a0000, 0x00000000ea0c1e80, 0x00000000ea0c2000, 0x00000000ea9f0000)
 compacting perm gen  total 21248K, used 14743K [0x00000000fae00000, 0x00000000fc2c0000, 0x0000000100000000)
   the space 21248K,  69% used [0x00000000fae00000, 0x00000000fbc65fd8, 0x00000000fbc66000, 0x00000000fc2c0000)
No shared spaces configured.
}

