# JRE version: Java(TM) SE Runtime Environment (7.0_79-b15) (build 1.7.0_79-b15)
# Java VM: Java HotSpot(TM) 64-Bit Server VM (24.79-b02 mixed mode windows-amd64 compressed oops)
Heap
 def new generation   total 8000K, used 871K [0x00000000e0e00000, 0x00000000e16a0000, 0x00000000e98a0000)
  eden space 7168K,   0% used [0x00000000e0e00000, 0x00000000e0e09ef0, 0x00000000e1500000)
  from space 832K, 100% used [0x00000000e1500000, 0x00000000e15d0000, 0x00000000e15d0000)
  to   space 832K,   0% used [0x00000000e15d0000, 0x00000000e15d0000, 0x00000000e16a0000)
 tenured generation   total 17728K, used 11058K [0x00000000e98a0000, 0x00000000ea9f0000, 0x00000000fae00000)
   the space 17728K,  62% used [0x00000000e98a0000, 0x00000000ea36c948, 0x00000000ea36ca00, 0x00000000ea9f0000)
 compacting perm gen  total 21248K, used 14924K [0x00000000fae00000, 0x00000000fc2c0000, 0x0000000100000000)
   the space 21248K,  70% used [0x00000000fae00000, 0x00000000fbc930b8, 0x00000000fbc93200, 0x00000000fc2c0000)
GC Heap History (10 events):
Event: 147.357 GC heap before
{Heap before GC invocations=19 (full 0):
 def new generation   total 8000K, used 7996K [0x00000000e0e00000, 0x00000000e16a0000, 0x00000000e98a0000)
  eden space 7168K,  99% used [0x00000000e0e00000, 0x00000000e14ff208, 0x00000000e1500000)
  from space 832K,  99% used [0x00000000e15d0000, 0x00000000e169fff8, 0x00000000e16a0000)
  to   space 832K,   0% used [0x00000000e1500000, 0x00000000e1500000, 0x00000000e15d0000)
 tenured generation   total 17728K, used 9409K [0x00000000e98a0000, 0x00000000ea9f0000, 0x00000000fae00000)
   the space 17728K,  53% used [0x00000000e98a0000, 0x00000000ea1d0478, 0x00000000ea1d0600, 0x00000000ea9f0000)
 compacting perm gen  total 21248K, used 14854K [0x00000000fae00000, 0x00000000fc2c0000, 0x0000000100000000)
   the space 21248K,  69% used [0x00000000fae00000, 0x00000000fbc81b60, 0x00000000fbc81c00, 0x00000000fc2c0000)
No shared spaces configured.
Event: 147.366 GC heap after
Heap after GC invocations=20 (full 0):
 def new generation   total 8000K, used 831K [0x00000000e0e00000, 0x00000000e16a0000, 0x00000000e98a0000)
  eden space 7168K,   0% used [0x00000000e0e00000, 0x00000000e0e00000, 0x00000000e1500000)
  from space 832K,  99% used [0x00000000e1500000, 0x00000000e15cfff8, 0x00000000e15d0000)
  to   space 832K,   0% used [0x00000000e15d0000, 0x00000000e15d0000, 0x00000000e16a0000)
 tenured generation   total 17728K, used 9795K [0x00000000e98a0000, 0x00000000ea9f0000, 0x00000000fae00000)
   the space 17728K,  55% used [0x00000000e98a0000, 0x00000000ea230df8, 0x00000000ea230e00, 0x00000000ea9f0000)
 compacting perm gen  total 21248K, used 14854K [0x00000000fae00000, 0x00000000fc2c0000, 0x0000000100000000)
   the space 21248K,  69% used [0x00000000fae00000, 0x00000000fbc81b60, 0x00000000fbc81c00, 0x00000000fc2c0000)
No shared spaces configured.
}
Event: 147.801 GC heap before
{Heap before GC invocations=20 (full 0):
 def new generation   total 8000K, used 7996K [0x00000000e0e00000, 0x00000000e16a0000, 0x00000000e98a0000)
  eden space 7168K,  99% used [0x00000000e0e00000, 0x00000000e14ff280, 0x00000000e1500000)
  from space 832K,  99% used [0x00000000e1500000, 0x00000000e15cfff8, 0x00000000e15d0000)
  to   space 832K,   0% used [0x00000000e15d0000, 0x00000000e15d0000, 0x00000000e16a0000)
 tenured generation   total 17728K, used 9795K [0x00000000e98a0000, 0x00000000ea9f0000, 0x00000000fae00000)
   the space 17728K,  55% used [0x00000000e98a0000, 0x00000000ea230df8, 0x00000000ea230e00, 0x00000000ea9f0000)
 compacting perm gen  total 21248K, used 14858K [0x00000000fae00000, 0x00000000fc2c0000, 0x0000000100000000)
   the space 21248K,  69% used [0x00000000fae00000, 0x00000000fbc828b0, 0x00000000fbc82a00, 0x00000000fc2c0000)
No shared spaces configured.
Event: 147.810 GC heap after
Heap after GC invocations=21 (full 0):
 def new generation   total 8000K, used 831K [0x00000000e0e00000, 0x00000000e16a0000, 0x00000000e98a0000)
  eden space 7168K,   0% used [0x00000000e0e00000, 0x00000000e0e00000, 0x00000000e1500000)
  from space 832K,  99% used [0x00000000e15d0000, 0x00000000e169fff8, 0x00000000e16a0000)
  to   space 832K,   0% used [0x00000000e1500000, 0x00000000e1500000, 0x00000000e15d0000)
 tenured generation   total 17728K, used 10321K [0x00000000e98a0000, 0x00000000ea9f0000, 0x00000000fae00000)
   the space 17728K,  58% used [0x00000000e98a0000, 0x00000000ea2b44c0, 0x00000000ea2b4600, 0x00000000ea9f0000)
 compacting perm gen  total 21248K, used 14858K [0x00000000fae00000, 0x00000000fc2c0000, 0x0000000100000000)
   the space 21248K,  69% used [0x00000000fae00000, 0x00000000fbc828b0, 0x00000000fbc82a00, 0x00000000fc2c0000)
No shared spaces configured.
}
Event: 168.512 GC heap before
{Heap before GC invocations=21 (full 0):
 def new generation   total 8000K, used 7999K [0x00000000e0e00000, 0x00000000e16a0000, 0x00000000e98a0000)
  eden space 7168K, 100% used [0x00000000e0e00000, 0x00000000e1500000, 0x00000000e1500000)
  from space 832K,  99% used [0x00000000e15d0000, 0x00000000e169fff8, 0x00000000e16a0000)
  to   space 832K,   0% used [0x00000000e1500000, 0x00000000e1500000, 0x00000000e15d0000)
 tenured generation   total 17728K, used 10321K [0x00000000e98a0000, 0x00000000ea9f0000, 0x00000000fae00000)
   the space 17728K,  58% used [0x00000000e98a0000, 0x00000000ea2b44c0, 0x00000000ea2b4600, 0x00000000ea9f0000)
 compacting perm gen  total 21248K, used 14899K [0x00000000fae00000, 0x00000000fc2c0000, 0x0000000100000000)
   the space 21248K,  70% used [0x00000000fae00000, 0x00000000fbc8cd70, 0x00000000fbc8ce00, 0x00000000fc2c0000)
No shared spaces configured.
Event: 168.520 GC heap after
Heap after GC invocations=22 (full 0):
 def new generation   total 8000K, used 604K [0x00000000e0e00000, 0x00000000e16a0000, 0x00000000e98a0000)
  eden space 7168K,   0% used [0x00000000e0e00000, 0x00000000e0e00000, 0x00000000e1500000)
  from space 832K,  72% used [0x00000000e1500000, 0x00000000e15973b8, 0x00000000e15d0000)
  to   space 832K,   0% used [0x00000000e15d0000, 0x00000000e15d0000, 0x00000000e16a0000)
 tenured generation   total 17728K, used 10486K [0x00000000e98a0000, 0x00000000ea9f0000, 0x00000000fae00000)
   the space 17728K,  59% used [0x00000000e98a0000, 0x00000000ea2dd970, 0x00000000ea2dda00, 0x00000000ea9f0000)
 compacting perm gen  total 21248K, used 14899K [0x00000000fae00000, 0x00000000fc2c0000, 0x0000000100000000)
   the space 21248K,  70% used [0x00000000fae00000, 0x00000000fbc8cd70, 0x00000000fbc8ce00, 0x00000000fc2c0000)
No shared spaces configured.
}
Event: 168.955 GC heap before
{Heap before GC invocations=22 (full 0):
 def new generation   total 8000K, used 7772K [0x00000000e0e00000, 0x00000000e16a0000, 0x00000000e98a0000)
  eden space 7168K, 100% used [0x00000000e0e00000, 0x00000000e1500000, 0x00000000e1500000)
  from space 832K,  72% used [0x00000000e1500000, 0x00000000e15973b8, 0x00000000e15d0000)
  to   space 832K,   0% used [0x00000000e15d0000, 0x00000000e15d0000, 0x00000000e16a0000)
 tenured generation   total 17728K, used 10486K [0x00000000e98a0000, 0x00000000ea9f0000, 0x00000000fae00000)
   the space 17728K,  59% used [0x00000000e98a0000, 0x00000000ea2dd970, 0x00000000ea2dda00, 0x00000000ea9f0000)
 compacting perm gen  total 21248K, used 14906K [0x00000000fae00000, 0x00000000fc2c0000, 0x0000000100000000)
   the space 21248K,  70% used [0x00000000fae00000, 0x00000000fbc8e9e0, 0x00000000fbc8ea00, 0x00000000fc2c0000)
No shared spaces configured.
Event: 168.962 GC heap after
Heap after GC invocations=23 (full 0):
 def new generation   total 8000K, used 831K [0x00000000e0e00000, 0x00000000e16a0000, 0x00000000e98a0000)
  eden space 7168K,   0% used [0x00000000e0e00000, 0x00000000e0e00000, 0x00000000e1500000)
  from space 832K,  99% used [0x00000000e15d0000, 0x00000000e169fff8, 0x00000000e16a0000)
  to   space 832K,   0% used [0x00000000e1500000, 0x00000000e1500000, 0x00000000e15d0000)
 tenured generation   total 17728K, used 10708K [0x00000000e98a0000, 0x00000000ea9f0000, 0x00000000fae00000)
   the space 17728K,  60% used [0x00000000e98a0000, 0x00000000ea315370, 0x00000000ea315400, 0x00000000ea9f0000)
 compacting perm gen  total 21248K, used 14906K [0x00000000fae00000, 0x00000000fc2c0000, 0x0000000100000000)
   the space 21248K,  70% used [0x00000000fae00000, 0x00000000fbc8e9e0, 0x00000000fbc8ea00, 0x00000000fc2c0000)
No shared spaces configured.
}
Event: 181.429 GC heap before
{Heap before GC invocations=23 (full 0):
 def new generation   total 8000K, used 7995K [0x00000000e0e00000, 0x00000000e16a0000, 0x00000000e98a0000)
  eden space 7168K,  99% used [0x00000000e0e00000, 0x00000000e14fec88, 0x00000000e1500000)
  from space 832K,  99% used [0x00000000e15d0000, 0x00000000e169fff8, 0x00000000e16a0000)
  to   space 832K,   0% used [0x00000000e1500000, 0x00000000e1500000, 0x00000000e15d0000)
 tenured generation   total 17728K, used 10708K [0x00000000e98a0000, 0x00000000ea9f0000, 0x00000000fae00000)
   the space 17728K,  60% used [0x00000000e98a0000, 0x00000000ea315370, 0x00000000ea315400, 0x00000000ea9f0000)
 compacting perm gen  total 21248K, used 14924K [0x00000000fae00000, 0x00000000fc2c0000, 0x0000000100000000)
   the space 21248K,  70% used [0x00000000fae00000, 0x00000000fbc930b8, 0x00000000fbc93200, 0x00000000fc2c0000)
No shared spaces configured.
Event: 181.438 GC heap after
Heap after GC invocations=24 (full 0):
 def new generation   total 8000K, used 832K [0x00000000e0e00000, 0x00000000e16a0000, 0x00000000e98a0000)
  eden space 7168K,   0% used [0x00000000e0e00000, 0x00000000e0e00000, 0x00000000e1500000)
  from space 832K, 100% used [0x00000000e1500000, 0x00000000e15d0000, 0x00000000e15d0000)
  to   space 832K,   0% used [0x00000000e15d0000, 0x00000000e15d0000, 0x00000000e16a0000)
 tenured generation   total 17728K, used 11058K [0x00000000e98a0000, 0x00000000ea9f0000, 0x00000000fae00000)
   the space 17728K,  62% used [0x00000000e98a0000, 0x00000000ea36c948, 0x00000000ea36ca00, 0x00000000ea9f0000)
 compacting perm gen  total 21248K, used 14924K [0x00000000fae00000, 0x00000000fc2c0000, 0x0000000100000000)
   the space 21248K,  70% used [0x00000000fae00000, 0x00000000fbc930b8, 0x00000000fbc93200, 0x00000000fc2c0000)
No shared spaces configured.
}

