# JRE version: Java(TM) SE Runtime Environment (7.0_79-b15) (build 1.7.0_79-b15)
# Java VM: Java HotSpot(TM) 64-Bit Server VM (24.79-b02 mixed mode windows-amd64 compressed oops)
Heap
 def new generation   total 8000K, used 4186K [0x00000000e0e00000, 0x00000000e16a0000, 0x00000000e98a0000)
  eden space 7168K,  51% used [0x00000000e0e00000, 0x00000000e1196618, 0x00000000e1500000)
  from space 832K,  61% used [0x00000000e15d0000, 0x00000000e1650360, 0x00000000e16a0000)
  to   space 832K,   0% used [0x00000000e1500000, 0x00000000e1500000, 0x00000000e15d0000)
 tenured generation   total 17728K, used 8411K [0x00000000e98a0000, 0x00000000ea9f0000, 0x00000000fae00000)
   the space 17728K,  47% used [0x00000000e98a0000, 0x00000000ea0d6ee0, 0x00000000ea0d7000, 0x00000000ea9f0000)
 compacting perm gen  total 21248K, used 14750K [0x00000000fae00000, 0x00000000fc2c0000, 0x0000000100000000)
   the space 21248K,  69% used [0x00000000fae00000, 0x00000000fbc679a0, 0x00000000fbc67a00, 0x00000000fc2c0000)
GC Heap History (10 events):
Event: 153.943 GC heap before
{Heap before GC invocations=10 (full 0):
 def new generation   total 8000K, used 7476K [0x00000000e0e00000, 0x00000000e16a0000, 0x00000000e98a0000)
  eden space 7168K, 100% used [0x00000000e0e00000, 0x00000000e1500000, 0x00000000e1500000)
  from space 832K,  37% used [0x00000000e1500000, 0x00000000e154d060, 0x00000000e15d0000)
  to   space 832K,   0% used [0x00000000e15d0000, 0x00000000e15d0000, 0x00000000e16a0000)
 tenured generation   total 17728K, used 6974K [0x00000000e98a0000, 0x00000000ea9f0000, 0x00000000fae00000)
   the space 17728K,  39% used [0x00000000e98a0000, 0x00000000e9f6f950, 0x00000000e9f6fa00, 0x00000000ea9f0000)
 compacting perm gen  total 21248K, used 14683K [0x00000000fae00000, 0x00000000fc2c0000, 0x0000000100000000)
   the space 21248K,  69% used [0x00000000fae00000, 0x00000000fbc56fc8, 0x00000000fbc57000, 0x00000000fc2c0000)
No shared spaces configured.
Event: 153.949 GC heap after
Heap after GC invocations=11 (full 0):
 def new generation   total 8000K, used 813K [0x00000000e0e00000, 0x00000000e16a0000, 0x00000000e98a0000)
  eden space 7168K,   0% used [0x00000000e0e00000, 0x00000000e0e00000, 0x00000000e1500000)
  from space 832K,  97% used [0x00000000e15d0000, 0x00000000e169b750, 0x00000000e16a0000)
  to   space 832K,   0% used [0x00000000e1500000, 0x00000000e1500000, 0x00000000e15d0000)
 tenured generation   total 17728K, used 6974K [0x00000000e98a0000, 0x00000000ea9f0000, 0x00000000fae00000)
   the space 17728K,  39% used [0x00000000e98a0000, 0x00000000e9f6f950, 0x00000000e9f6fa00, 0x00000000ea9f0000)
 compacting perm gen  total 21248K, used 14683K [0x00000000fae00000, 0x00000000fc2c0000, 0x0000000100000000)
   the space 21248K,  69% used [0x00000000fae00000, 0x00000000fbc56fc8, 0x00000000fbc57000, 0x00000000fc2c0000)
No shared spaces configured.
}
Event: 162.567 GC heap before
{Heap before GC invocations=11 (full 0):
 def new generation   total 8000K, used 7913K [0x00000000e0e00000, 0x00000000e16a0000, 0x00000000e98a0000)
  eden space 7168K,  99% used [0x00000000e0e00000, 0x00000000e14eee98, 0x00000000e1500000)
  from space 832K,  97% used [0x00000000e15d0000, 0x00000000e169b750, 0x00000000e16a0000)
  to   space 832K,   0% used [0x00000000e1500000, 0x00000000e1500000, 0x00000000e15d0000)
 tenured generation   total 17728K, used 6974K [0x00000000e98a0000, 0x00000000ea9f0000, 0x00000000fae00000)
   the space 17728K,  39% used [0x00000000e98a0000, 0x00000000e9f6f950, 0x00000000e9f6fa00, 0x00000000ea9f0000)
 compacting perm gen  total 21248K, used 14692K [0x00000000fae00000, 0x00000000fc2c0000, 0x0000000100000000)
   the space 21248K,  69% used [0x00000000fae00000, 0x00000000fbc59228, 0x00000000fbc59400, 0x00000000fc2c0000)
No shared spaces configured.
Event: 162.590 GC heap after
Heap after GC invocations=12 (full 0):
 def new generation   total 8000K, used 831K [0x00000000e0e00000, 0x00000000e16a0000, 0x00000000e98a0000)
  eden space 7168K,   0% used [0x00000000e0e00000, 0x00000000e0e00000, 0x00000000e1500000)
  from space 832K,  99% used [0x00000000e1500000, 0x00000000e15cfff8, 0x00000000e15d0000)
  to   space 832K,   0% used [0x00000000e15d0000, 0x00000000e15d0000, 0x00000000e16a0000)
 tenured generation   total 17728K, used 7416K [0x00000000e98a0000, 0x00000000ea9f0000, 0x00000000fae00000)
   the space 17728K,  41% used [0x00000000e98a0000, 0x00000000e9fde338, 0x00000000e9fde400, 0x00000000ea9f0000)
 compacting perm gen  total 21248K, used 14692K [0x00000000fae00000, 0x00000000fc2c0000, 0x0000000100000000)
   the space 21248K,  69% used [0x00000000fae00000, 0x00000000fbc59228, 0x00000000fbc59400, 0x00000000fc2c0000)
No shared spaces configured.
}
Event: 202.634 GC heap before
{Heap before GC invocations=12 (full 0):
 def new generation   total 8000K, used 7999K [0x00000000e0e00000, 0x00000000e16a0000, 0x00000000e98a0000)
  eden space 7168K, 100% used [0x00000000e0e00000, 0x00000000e1500000, 0x00000000e1500000)
  from space 832K,  99% used [0x00000000e1500000, 0x00000000e15cfff8, 0x00000000e15d0000)
  to   space 832K,   0% used [0x00000000e15d0000, 0x00000000e15d0000, 0x00000000e16a0000)
 tenured generation   total 17728K, used 7416K [0x00000000e98a0000, 0x00000000ea9f0000, 0x00000000fae00000)
   the space 17728K,  41% used [0x00000000e98a0000, 0x00000000e9fde338, 0x00000000e9fde400, 0x00000000ea9f0000)
 compacting perm gen  total 21248K, used 14701K [0x00000000fae00000, 0x00000000fc2c0000, 0x0000000100000000)
   the space 21248K,  69% used [0x00000000fae00000, 0x00000000fbc5b498, 0x00000000fbc5b600, 0x00000000fc2c0000)
No shared spaces configured.
Event: 202.648 GC heap after
Heap after GC invocations=13 (full 0):
 def new generation   total 8000K, used 831K [0x00000000e0e00000, 0x00000000e16a0000, 0x00000000e98a0000)
  eden space 7168K,   0% used [0x00000000e0e00000, 0x00000000e0e00000, 0x00000000e1500000)
  from space 832K,  99% used [0x00000000e15d0000, 0x00000000e169fff8, 0x00000000e16a0000)
  to   space 832K,   0% used [0x00000000e1500000, 0x00000000e1500000, 0x00000000e15d0000)
 tenured generation   total 17728K, used 7957K [0x00000000e98a0000, 0x00000000ea9f0000, 0x00000000fae00000)
   the space 17728K,  44% used [0x00000000e98a0000, 0x00000000ea0655b0, 0x00000000ea065600, 0x00000000ea9f0000)
 compacting perm gen  total 21248K, used 14701K [0x00000000fae00000, 0x00000000fc2c0000, 0x0000000100000000)
   the space 21248K,  69% used [0x00000000fae00000, 0x00000000fbc5b498, 0x00000000fbc5b600, 0x00000000fc2c0000)
No shared spaces configured.
}
Event: 203.966 GC heap before
{Heap before GC invocations=13 (full 0):
 def new generation   total 8000K, used 7996K [0x00000000e0e00000, 0x00000000e16a0000, 0x00000000e98a0000)
  eden space 7168K,  99% used [0x00000000e0e00000, 0x00000000e14ff0b8, 0x00000000e1500000)
  from space 832K,  99% used [0x00000000e15d0000, 0x00000000e169fff8, 0x00000000e16a0000)
  to   space 832K,   0% used [0x00000000e1500000, 0x00000000e1500000, 0x00000000e15d0000)
 tenured generation   total 17728K, used 7957K [0x00000000e98a0000, 0x00000000ea9f0000, 0x00000000fae00000)
   the space 17728K,  44% used [0x00000000e98a0000, 0x00000000ea0655b0, 0x00000000ea065600, 0x00000000ea9f0000)
 compacting perm gen  total 21248K, used 14723K [0x00000000fae00000, 0x00000000fc2c0000, 0x0000000100000000)
   the space 21248K,  69% used [0x00000000fae00000, 0x00000000fbc60c90, 0x00000000fbc60e00, 0x00000000fc2c0000)
No shared spaces configured.
Event: 203.976 GC heap after
Heap after GC invocations=14 (full 0):
 def new generation   total 8000K, used 832K [0x00000000e0e00000, 0x00000000e16a0000, 0x00000000e98a0000)
  eden space 7168K,   0% used [0x00000000e0e00000, 0x00000000e0e00000, 0x00000000e1500000)
  from space 832K, 100% used [0x00000000e1500000, 0x00000000e15d0000, 0x00000000e15d0000)
  to   space 832K,   0% used [0x00000000e15d0000, 0x00000000e15d0000, 0x00000000e16a0000)
 tenured generation   total 17728K, used 8396K [0x00000000e98a0000, 0x00000000ea9f0000, 0x00000000fae00000)
   the space 17728K,  47% used [0x00000000e98a0000, 0x00000000ea0d33b0, 0x00000000ea0d3400, 0x00000000ea9f0000)
 compacting perm gen  total 21248K, used 14723K [0x00000000fae00000, 0x00000000fc2c0000, 0x0000000100000000)
   the space 21248K,  69% used [0x00000000fae00000, 0x00000000fbc60c90, 0x00000000fbc60e00, 0x00000000fc2c0000)
No shared spaces configured.
}
Event: 233.468 GC heap before
{Heap before GC invocations=14 (full 0):
 def new generation   total 8000K, used 8000K [0x00000000e0e00000, 0x00000000e16a0000, 0x00000000e98a0000)
  eden space 7168K, 100% used [0x00000000e0e00000, 0x00000000e1500000, 0x00000000e1500000)
  from space 832K, 100% used [0x00000000e1500000, 0x00000000e15d0000, 0x00000000e15d0000)
  to   space 832K,   0% used [0x00000000e15d0000, 0x00000000e15d0000, 0x00000000e16a0000)
 tenured generation   total 17728K, used 8396K [0x00000000e98a0000, 0x00000000ea9f0000, 0x00000000fae00000)
   the space 17728K,  47% used [0x00000000e98a0000, 0x00000000ea0d33b0, 0x00000000ea0d3400, 0x00000000ea9f0000)
 compacting perm gen  total 21248K, used 14741K [0x00000000fae00000, 0x00000000fc2c0000, 0x0000000100000000)
   the space 21248K,  69% used [0x00000000fae00000, 0x00000000fbc655f8, 0x00000000fbc65600, 0x00000000fc2c0000)
No shared spaces configured.
Event: 233.474 GC heap after
Heap after GC invocations=15 (full 0):
 def new generation   total 8000K, used 512K [0x00000000e0e00000, 0x00000000e16a0000, 0x00000000e98a0000)
  eden space 7168K,   0% used [0x00000000e0e00000, 0x00000000e0e00000, 0x00000000e1500000)
  from space 832K,  61% used [0x00000000e15d0000, 0x00000000e1650360, 0x00000000e16a0000)
  to   space 832K,   0% used [0x00000000e1500000, 0x00000000e1500000, 0x00000000e15d0000)
 tenured generation   total 17728K, used 8411K [0x00000000e98a0000, 0x00000000ea9f0000, 0x00000000fae00000)
   the space 17728K,  47% used [0x00000000e98a0000, 0x00000000ea0d6ee0, 0x00000000ea0d7000, 0x00000000ea9f0000)
 compacting perm gen  total 21248K, used 14741K [0x00000000fae00000, 0x00000000fc2c0000, 0x0000000100000000)
   the space 21248K,  69% used [0x00000000fae00000, 0x00000000fbc655f8, 0x00000000fbc65600, 0x00000000fc2c0000)
No shared spaces configured.
}

