# JRE version: Java(TM) SE Runtime Environment (7.0_79-b15) (build 1.7.0_79-b15)
# Java VM: Java HotSpot(TM) 64-Bit Server VM (24.79-b02 mixed mode windows-amd64 compressed oops)
Heap
 def new generation   total 8640K, used 1864K [0x00000000e0e00000, 0x00000000e1750000, 0x00000000e98a0000)
  eden space 7744K,  24% used [0x00000000e0e00000, 0x00000000e0fd22b0, 0x00000000e1590000)
  from space 896K,   0% used [0x00000000e1590000, 0x00000000e1590000, 0x00000000e1670000)
  to   space 896K,   0% used [0x00000000e1670000, 0x00000000e1670000, 0x00000000e1750000)
 tenured generation   total 18960K, used 11375K [0x00000000e98a0000, 0x00000000eab24000, 0x00000000fae00000)
   the space 18960K,  59% used [0x00000000e98a0000, 0x00000000ea3bbc60, 0x00000000ea3bbe00, 0x00000000eab24000)
 compacting perm gen  total 21248K, used 16238K [0x00000000fae00000, 0x00000000fc2c0000, 0x0000000100000000)
   the space 21248K,  76% used [0x00000000fae00000, 0x00000000fbddb9d0, 0x00000000fbddba00, 0x00000000fc2c0000)
GC Heap History (10 events):
Event: 154.827 GC heap before
{Heap before GC invocations=33 (full 0):
 def new generation   total 8000K, used 8000K [0x00000000e0e00000, 0x00000000e16a0000, 0x00000000e98a0000)
  eden space 7168K, 100% used [0x00000000e0e00000, 0x00000000e1500000, 0x00000000e1500000)
  from space 832K, 100% used [0x00000000e15d0000, 0x00000000e16a0000, 0x00000000e16a0000)
  to   space 832K,   0% used [0x00000000e1500000, 0x00000000e1500000, 0x00000000e15d0000)
 tenured generation   total 17728K, used 16074K [0x00000000e98a0000, 0x00000000ea9f0000, 0x00000000fae00000)
   the space 17728K,  90% used [0x00000000e98a0000, 0x00000000ea8529d8, 0x00000000ea852a00, 0x00000000ea9f0000)
 compacting perm gen  total 21248K, used 16212K [0x00000000fae00000, 0x00000000fc2c0000, 0x0000000100000000)
   the space 21248K,  76% used [0x00000000fae00000, 0x00000000fbdd5218, 0x00000000fbdd5400, 0x00000000fc2c0000)
No shared spaces configured.
Event: 154.836 GC heap after
Heap after GC invocations=34 (full 0):
 def new generation   total 8000K, used 832K [0x00000000e0e00000, 0x00000000e16a0000, 0x00000000e98a0000)
  eden space 7168K,   0% used [0x00000000e0e00000, 0x00000000e0e00000, 0x00000000e1500000)
  from space 832K, 100% used [0x00000000e1500000, 0x00000000e15d0000, 0x00000000e15d0000)
  to   space 832K,   0% used [0x00000000e15d0000, 0x00000000e15d0000, 0x00000000e16a0000)
 tenured generation   total 17728K, used 16452K [0x00000000e98a0000, 0x00000000ea9f0000, 0x00000000fae00000)
   the space 17728K,  92% used [0x00000000e98a0000, 0x00000000ea8b10c8, 0x00000000ea8b1200, 0x00000000ea9f0000)
 compacting perm gen  total 21248K, used 16212K [0x00000000fae00000, 0x00000000fc2c0000, 0x0000000100000000)
   the space 21248K,  76% used [0x00000000fae00000, 0x00000000fbdd5218, 0x00000000fbdd5400, 0x00000000fc2c0000)
No shared spaces configured.
}
Event: 159.341 GC heap before
{Heap before GC invocations=34 (full 0):
 def new generation   total 8000K, used 7997K [0x00000000e0e00000, 0x00000000e16a0000, 0x00000000e98a0000)
  eden space 7168K,  99% used [0x00000000e0e00000, 0x00000000e14ff7c0, 0x00000000e1500000)
  from space 832K, 100% used [0x00000000e1500000, 0x00000000e15d0000, 0x00000000e15d0000)
  to   space 832K,   0% used [0x00000000e15d0000, 0x00000000e15d0000, 0x00000000e16a0000)
 tenured generation   total 17728K, used 16452K [0x00000000e98a0000, 0x00000000ea9f0000, 0x00000000fae00000)
   the space 17728K,  92% used [0x00000000e98a0000, 0x00000000ea8b10c8, 0x00000000ea8b1200, 0x00000000ea9f0000)
 compacting perm gen  total 21248K, used 16213K [0x00000000fae00000, 0x00000000fc2c0000, 0x0000000100000000)
   the space 21248K,  76% used [0x00000000fae00000, 0x00000000fbdd5470, 0x00000000fbdd5600, 0x00000000fc2c0000)
No shared spaces configured.
Event: 159.350 GC heap after
Heap after GC invocations=35 (full 0):
 def new generation   total 8000K, used 832K [0x00000000e0e00000, 0x00000000e16a0000, 0x00000000e98a0000)
  eden space 7168K,   0% used [0x00000000e0e00000, 0x00000000e0e00000, 0x00000000e1500000)
  from space 832K, 100% used [0x00000000e15d0000, 0x00000000e16a0000, 0x00000000e16a0000)
  to   space 832K,   0% used [0x00000000e1500000, 0x00000000e1500000, 0x00000000e15d0000)
 tenured generation   total 17728K, used 16824K [0x00000000e98a0000, 0x00000000ea9f0000, 0x00000000fae00000)
   the space 17728K,  94% used [0x00000000e98a0000, 0x00000000ea90e110, 0x00000000ea90e200, 0x00000000ea9f0000)
 compacting perm gen  total 21248K, used 16213K [0x00000000fae00000, 0x00000000fc2c0000, 0x0000000100000000)
   the space 21248K,  76% used [0x00000000fae00000, 0x00000000fbdd5470, 0x00000000fbdd5600, 0x00000000fc2c0000)
No shared spaces configured.
}
Event: 163.846 GC heap before
{Heap before GC invocations=35 (full 0):
 def new generation   total 8000K, used 7994K [0x00000000e0e00000, 0x00000000e16a0000, 0x00000000e98a0000)
  eden space 7168K,  99% used [0x00000000e0e00000, 0x00000000e14fe860, 0x00000000e1500000)
  from space 832K, 100% used [0x00000000e15d0000, 0x00000000e16a0000, 0x00000000e16a0000)
  to   space 832K,   0% used [0x00000000e1500000, 0x00000000e1500000, 0x00000000e15d0000)
 tenured generation   total 17728K, used 16824K [0x00000000e98a0000, 0x00000000ea9f0000, 0x00000000fae00000)
   the space 17728K,  94% used [0x00000000e98a0000, 0x00000000ea90e110, 0x00000000ea90e200, 0x00000000ea9f0000)
 compacting perm gen  total 21248K, used 16215K [0x00000000fae00000, 0x00000000fc2c0000, 0x0000000100000000)
   the space 21248K,  76% used [0x00000000fae00000, 0x00000000fbdd5e78, 0x00000000fbdd6000, 0x00000000fc2c0000)
No shared spaces configured.
Event: 163.856 GC heap after
Heap after GC invocations=36 (full 0):
 def new generation   total 8000K, used 832K [0x00000000e0e00000, 0x00000000e16a0000, 0x00000000e98a0000)
  eden space 7168K,   0% used [0x00000000e0e00000, 0x00000000e0e00000, 0x00000000e1500000)
  from space 832K, 100% used [0x00000000e1500000, 0x00000000e15d0000, 0x00000000e15d0000)
  to   space 832K,   0% used [0x00000000e15d0000, 0x00000000e15d0000, 0x00000000e16a0000)
 tenured generation   total 17728K, used 17187K [0x00000000e98a0000, 0x00000000ea9f0000, 0x00000000fae00000)
   the space 17728K,  96% used [0x00000000e98a0000, 0x00000000ea968e70, 0x00000000ea969000, 0x00000000ea9f0000)
 compacting perm gen  total 21248K, used 16215K [0x00000000fae00000, 0x00000000fc2c0000, 0x0000000100000000)
   the space 21248K,  76% used [0x00000000fae00000, 0x00000000fbdd5e78, 0x00000000fbdd6000, 0x00000000fc2c0000)
No shared spaces configured.
}
Event: 168.438 GC heap before
{Heap before GC invocations=36 (full 0):
 def new generation   total 8000K, used 8000K [0x00000000e0e00000, 0x00000000e16a0000, 0x00000000e98a0000)
  eden space 7168K, 100% used [0x00000000e0e00000, 0x00000000e1500000, 0x00000000e1500000)
  from space 832K, 100% used [0x00000000e1500000, 0x00000000e15d0000, 0x00000000e15d0000)
  to   space 832K,   0% used [0x00000000e15d0000, 0x00000000e15d0000, 0x00000000e16a0000)
 tenured generation   total 17728K, used 17187K [0x00000000e98a0000, 0x00000000ea9f0000, 0x00000000fae00000)
   the space 17728K,  96% used [0x00000000e98a0000, 0x00000000ea968e70, 0x00000000ea969000, 0x00000000ea9f0000)
 compacting perm gen  total 21248K, used 16221K [0x00000000fae00000, 0x00000000fc2c0000, 0x0000000100000000)
   the space 21248K,  76% used [0x00000000fae00000, 0x00000000fbdd7728, 0x00000000fbdd7800, 0x00000000fc2c0000)
No shared spaces configured.
Event: 168.446 GC heap after
Heap after GC invocations=37 (full 0):
 def new generation   total 8000K, used 832K [0x00000000e0e00000, 0x00000000e16a0000, 0x00000000e98a0000)
  eden space 7168K,   0% used [0x00000000e0e00000, 0x00000000e0e00000, 0x00000000e1500000)
  from space 832K, 100% used [0x00000000e15d0000, 0x00000000e16a0000, 0x00000000e16a0000)
  to   space 832K,   0% used [0x00000000e1500000, 0x00000000e1500000, 0x00000000e15d0000)
 tenured generation   total 17728K, used 17566K [0x00000000e98a0000, 0x00000000ea9f0000, 0x00000000fae00000)
   the space 17728K,  99% used [0x00000000e98a0000, 0x00000000ea9c7b80, 0x00000000ea9c7c00, 0x00000000ea9f0000)
 compacting perm gen  total 21248K, used 16221K [0x00000000fae00000, 0x00000000fc2c0000, 0x0000000100000000)
   the space 21248K,  76% used [0x00000000fae00000, 0x00000000fbdd7728, 0x00000000fbdd7800, 0x00000000fc2c0000)
No shared spaces configured.
}
Event: 172.944 GC heap before
{Heap before GC invocations=37 (full 0):
 def new generation   total 8000K, used 8000K [0x00000000e0e00000, 0x00000000e16a0000, 0x00000000e98a0000)
  eden space 7168K, 100% used [0x00000000e0e00000, 0x00000000e1500000, 0x00000000e1500000)
  from space 832K, 100% used [0x00000000e15d0000, 0x00000000e16a0000, 0x00000000e16a0000)
  to   space 832K,   0% used [0x00000000e1500000, 0x00000000e1500000, 0x00000000e15d0000)
 tenured generation   total 17728K, used 17566K [0x00000000e98a0000, 0x00000000ea9f0000, 0x00000000fae00000)
   the space 17728K,  99% used [0x00000000e98a0000, 0x00000000ea9c7b80, 0x00000000ea9c7c00, 0x00000000ea9f0000)
 compacting perm gen  total 21248K, used 16235K [0x00000000fae00000, 0x00000000fc2c0000, 0x0000000100000000)
   the space 21248K,  76% used [0x00000000fae00000, 0x00000000fbddaf80, 0x00000000fbddb000, 0x00000000fc2c0000)
No shared spaces configured.
Event: 173.129 GC heap after
Heap after GC invocations=38 (full 1):
 def new generation   total 8640K, used 0K [0x00000000e0e00000, 0x00000000e1750000, 0x00000000e98a0000)
  eden space 7744K,   0% used [0x00000000e0e00000, 0x00000000e0e00000, 0x00000000e1590000)
  from space 896K,   0% used [0x00000000e1590000, 0x00000000e1590000, 0x00000000e1670000)
  to   space 896K,   0% used [0x00000000e1670000, 0x00000000e1670000, 0x00000000e1750000)
 tenured generation   total 18960K, used 11375K [0x00000000e98a0000, 0x00000000eab24000, 0x00000000fae00000)
   the space 18960K,  59% used [0x00000000e98a0000, 0x00000000ea3bbc60, 0x00000000ea3bbe00, 0x00000000eab24000)
 compacting perm gen  total 21248K, used 16235K [0x00000000fae00000, 0x00000000fc2c0000, 0x0000000100000000)
   the space 21248K,  76% used [0x00000000fae00000, 0x00000000fbddaf80, 0x00000000fbddb000, 0x00000000fc2c0000)
No shared spaces configured.
}

